<?xml version="1.0" encoding="UTF-8"?>
<!-- Generated by org.testng.reporters.JUnitReportReporter -->
<testsuite hostname="DESKTOP-R2AJQE8" failures="0" tests="1" name="LeadCreation.Leadcreation" time="0.025" errors="0" timestamp="2023-12-22T15:34:54 IST" skipped="0">
  <testcase classname="LeadCreation.Leadcreation" name="Customercreation100" time="0.025"/>
  <system-out/>
</testsuite> <!-- LeadCreation.Leadcreation -->
