<?xml version="1.0" encoding="UTF-8"?>
<!-- Generated by org.testng.reporters.JUnitReportReporter -->
<testsuite hostname="Uber9-Lap-047" failures="0" tests="1" name="LeadCreation.Leadcreation" time="424.756" errors="0" timestamp="2024-06-26T11:09:12 IST" skipped="0">
  <testcase classname="LeadCreation.Leadcreation" name="Customercreation100" time="424.756"/>
  <system-out/>
</testsuite> <!-- LeadCreation.Leadcreation -->
