<?xml version="1.0" encoding="UTF-8"?>
<!-- Generated by org.testng.reporters.JUnitReportReporter -->
<testsuite hostname="DESKTOP-R2AJQE8" failures="0" tests="1" name="LeadCreation.Leadcreation" time="0.028" errors="0" timestamp="2024-01-09T12:20:30 IST" skipped="0">
  <testcase classname="LeadCreation.Leadcreation" name="Customercreation100" time="0.028"/>
  <system-out/>
</testsuite> <!-- LeadCreation.Leadcreation -->
