<?xml version="1.0" encoding="UTF-8"?>
<!-- Generated by org.testng.reporters.JUnitReportReporter -->
<testsuite hostname="Uber9-Lap-047" failures="0" tests="1" name="LeadCreation.Leadcreation" time="178.186" errors="0" timestamp="2024-07-22T13:21:04 IST" skipped="0">
  <testcase classname="LeadCreation.Leadcreation" name="Customercreation100" time="178.186"/>
  <system-out/>
</testsuite> <!-- LeadCreation.Leadcreation -->
