<?xml version="1.0" encoding="UTF-8"?>
<!-- Generated by org.testng.reporters.JUnitReportReporter -->
<testsuite hostname="DESKTOP-R2AJQE8" failures="0" tests="1" name="LeadCreation.Leadcreation" time="72.292" errors="0" timestamp="2024-01-08T15:29:27 IST" skipped="0">
  <testcase classname="LeadCreation.Leadcreation" name="Customercreation100" time="72.292"/>
  <system-out/>
</testsuite> <!-- LeadCreation.Leadcreation -->
