<?xml version="1.0" encoding="UTF-8"?>
<!-- Generated by org.testng.reporters.JUnitReportReporter -->
<testsuite hostname="DESKTOP-R2AJQE8" failures="0" tests="1" name="LeadCreation.Leadcreation" time="1207.532" errors="0" timestamp="2024-01-08T17:32:35 IST" skipped="0">
  <testcase classname="LeadCreation.Leadcreation" name="Customercreation100" time="1207.532"/>
  <system-out/>
</testsuite> <!-- LeadCreation.Leadcreation -->
